NotePad-master/app/build/intermediates/manifest_merge_blame_file/debug/manifest-merger-blame-debug-report.txt
1<?xml version="1.0" encoding="utf-8"?>
2<!--
3 Copyright (C) 2007 The Android Open Source Project
4
5     Licensed under the Apache License, Version 2.0 (the "License");
6     you may not use this file except in compliance with the License.
7     You may obtain a copy of the License at
8
9          http://www.apache.org/licenses/LICENSE-2.0
10
11     Unless required by applicable law or agreed to in writing, software
12     distributed under the License is distributed on an "AS IS" BASIS,
13     WITHOUT WARRANTIES OR CONDITIONS OF ANY KIND, either express or implied.
14     See the License for the specific language governing permissions and
15     limitations under the License.
16-->
17<!--
18 Declare the contents of this Android application.  The namespace
19     attribute brings in the Android platform namespace, and the package
20     supplies a unique name for the application.  When writing your
21     own application, the package name must be changed from "com.example.*"
22     to come from a domain that you own or have control over.
23-->
24<manifest xmlns:android="http://schemas.android.com/apk/res/android"
25    package="com.example.android.notepad" >
26
27    <uses-sdk
28        android:minSdkVersion="16"
28-->src\main\AndroidManifest.xml
29        android:targetSdkVersion="29" />
29-->src\main\AndroidManifest.xml
30
31    <uses-permission android:name="android.permission.RECORD_AUDIO" />
31-->[:core] AndroidManifest.xml:9:5-71
31-->[:core] AndroidManifest.xml:9:22-68
32    <uses-permission android:name="android.permission.ACCESS_NETWORK_STATE" />
32-->[:core] AndroidManifest.xml:10:5-79
32-->[:core] AndroidManifest.xml:10:22-76
33    <uses-permission android:name="android.permission.INTERNET" />
33-->[:core] AndroidManifest.xml:11:5-67
33-->[:core] AndroidManifest.xml:11:22-64
34    <uses-permission android:name="android.permission.WRITE_EXTERNAL_STORAGE" /> <!-- 蓝牙录音使用，不需要可以去除 -->
34-->[:core] AndroidManifest.xml:12:5-81
34-->[:core] AndroidManifest.xml:12:22-78
35    <uses-permission android:name="android.permission.BROADCAST_STICKY" />
35-->[:core] AndroidManifest.xml:15:5-75
35-->[:core] AndroidManifest.xml:15:22-72
36    <uses-permission android:name="android.permission.BLUETOOTH" />
36-->[:core] AndroidManifest.xml:16:5-68
36-->[:core] AndroidManifest.xml:16:22-65
37    <uses-permission android:name="android.permission.MODIFY_AUDIO_SETTINGS" />
37-->[:core] AndroidManifest.xml:17:5-80
37-->[:core] AndroidManifest.xml:17:22-77
38    <uses-permission android:name="android.permission.BLUETOOTH_ADMIN" />
38-->[:core] AndroidManifest.xml:18:5-74
38-->[:core] AndroidManifest.xml:18:22-71
39
40    <application
40-->src\main\AndroidManifest.xml:26:5-122:19
41        android:appComponentFactory="androidx.core.app.CoreComponentFactory"
41-->[androidx.core:core:1.1.0] AndroidManifest.xml:24:18-86
42        android:debuggable="true"
43        android:icon="@drawable/app_notes"
43-->src\main\AndroidManifest.xml:26:18-52
44        android:label="@string/app_name"
44-->src\main\AndroidManifest.xml:27:9-41
45        android:testOnly="true" >
46        <provider
46-->src\main\AndroidManifest.xml:29:9-33:20
47            android:name="com.example.android.notepad.NotePadProvider"
47-->src\main\AndroidManifest.xml:29:19-49
48            android:authorities="com.google.provider.NotePad"
48-->src\main\AndroidManifest.xml:30:13-62
49            android:exported="false" >
49-->src\main\AndroidManifest.xml:31:13-37
50            <grant-uri-permission android:pathPattern=".*" />
50-->src\main\AndroidManifest.xml:32:13-62
50-->src\main\AndroidManifest.xml:32:35-59
51        </provider>
52
53        <activity
53-->src\main\AndroidManifest.xml:35:9-52:20
54            android:name="com.example.android.notepad.NotesList"
54-->src\main\AndroidManifest.xml:35:19-43
55            android:label="@string/title_notes_list" >
55-->src\main\AndroidManifest.xml:35:44-84
56            <intent-filter>
56-->src\main\AndroidManifest.xml:36:13-39:29
57                <action android:name="android.intent.action.MAIN" />
57-->src\main\AndroidManifest.xml:37:17-69
57-->src\main\AndroidManifest.xml:37:25-66
58
59                <category android:name="android.intent.category.LAUNCHER" />
59-->src\main\AndroidManifest.xml:38:17-77
59-->src\main\AndroidManifest.xml:38:27-74
60            </intent-filter>
61            <intent-filter>
61-->src\main\AndroidManifest.xml:40:13-46:29
62                <action android:name="android.intent.action.VIEW" />
62-->src\main\AndroidManifest.xml:41:17-69
62-->src\main\AndroidManifest.xml:41:25-66
63                <action android:name="android.intent.action.EDIT" />
63-->src\main\AndroidManifest.xml:42:17-69
63-->src\main\AndroidManifest.xml:42:25-66
64                <action android:name="android.intent.action.PICK" />
64-->src\main\AndroidManifest.xml:43:17-69
64-->src\main\AndroidManifest.xml:43:25-66
65
66                <category android:name="android.intent.category.DEFAULT" />
66-->src\main\AndroidManifest.xml:44:17-76
66-->src\main\AndroidManifest.xml:44:27-73
67
68                <data android:mimeType="vnd.android.cursor.dir/vnd.google.note" />
68-->src\main\AndroidManifest.xml:45:17-83
68-->src\main\AndroidManifest.xml:45:23-80
69            </intent-filter>
70            <intent-filter>
70-->src\main\AndroidManifest.xml:47:13-51:29
71                <action android:name="android.intent.action.GET_CONTENT" />
71-->src\main\AndroidManifest.xml:48:17-76
71-->src\main\AndroidManifest.xml:48:25-73
72
73                <category android:name="android.intent.category.DEFAULT" />
73-->src\main\AndroidManifest.xml:44:17-76
73-->src\main\AndroidManifest.xml:44:27-73
74
75                <data android:mimeType="vnd.android.cursor.item/vnd.google.note" />
75-->src\main\AndroidManifest.xml:45:17-83
75-->src\main\AndroidManifest.xml:45:23-80
76            </intent-filter>
77        </activity>
78        <activity
78-->src\main\AndroidManifest.xml:54:9-81:20
79            android:name="com.example.android.notepad.NoteEditor"
79-->src\main\AndroidManifest.xml:54:19-44
80            android:configChanges="keyboardHidden|orientation"
80-->src\main\AndroidManifest.xml:57:13-63
81            android:screenOrientation="sensor"
81-->src\main\AndroidManifest.xml:56:13-47
82            android:theme="@android:style/Theme.Holo.Light" >
82-->src\main\AndroidManifest.xml:55:13-60
83
84            <!--
85                 This filter says that we can view or edit the data of
86                 a single note
87            -->
88            <intent-filter android:label="@string/resolve_edit" >
88-->src\main\AndroidManifest.xml:61:13-68:29
88-->src\main\AndroidManifest.xml:61:28-64
89                <action android:name="android.intent.action.VIEW" />
89-->src\main\AndroidManifest.xml:41:17-69
89-->src\main\AndroidManifest.xml:41:25-66
90                <action android:name="android.intent.action.EDIT" />
90-->src\main\AndroidManifest.xml:42:17-69
90-->src\main\AndroidManifest.xml:42:25-66
91                <action android:name="com.android.notepad.action.EDIT_NOTE" />
91-->src\main\AndroidManifest.xml:65:17-79
91-->src\main\AndroidManifest.xml:65:25-76
92
93                <category android:name="android.intent.category.DEFAULT" />
93-->src\main\AndroidManifest.xml:44:17-76
93-->src\main\AndroidManifest.xml:44:27-73
94
95                <data android:mimeType="vnd.android.cursor.item/vnd.google.note" />
95-->src\main\AndroidManifest.xml:45:17-83
95-->src\main\AndroidManifest.xml:45:23-80
96            </intent-filter>
97
98            <!--
99                 This filter says that we can create a new note inside
100                 of a directory of notes.  The INSERT action creates an
101                 empty note; the PASTE action initializes a new note from
102                 the current contents of the clipboard.
103            -->
104            <intent-filter>
104-->src\main\AndroidManifest.xml:74:13-79:29
105                <action android:name="android.intent.action.INSERT" />
105-->src\main\AndroidManifest.xml:75:17-71
105-->src\main\AndroidManifest.xml:75:25-68
106                <action android:name="android.intent.action.PASTE" />
106-->src\main\AndroidManifest.xml:76:17-70
106-->src\main\AndroidManifest.xml:76:25-67
107
108                <category android:name="android.intent.category.DEFAULT" />
108-->src\main\AndroidManifest.xml:44:17-76
108-->src\main\AndroidManifest.xml:44:27-73
109
110                <data android:mimeType="vnd.android.cursor.dir/vnd.google.note" />
110-->src\main\AndroidManifest.xml:45:17-83
110-->src\main\AndroidManifest.xml:45:23-80
111            </intent-filter>
112        </activity>
113        <activity
113-->src\main\AndroidManifest.xml:83:9-108:20
114            android:name="com.example.android.notepad.TitleEditor"
114-->src\main\AndroidManifest.xml:83:19-45
115            android:icon="@drawable/ic_menu_edit"
115-->src\main\AndroidManifest.xml:85:13-50
116            android:label="@string/title_edit_title"
116-->src\main\AndroidManifest.xml:84:13-53
117            android:theme="@android:style/Theme.Holo.Dialog"
117-->src\main\AndroidManifest.xml:86:13-61
118            android:windowSoftInputMode="stateVisible" >
118-->src\main\AndroidManifest.xml:87:13-55
119
120            <!--
121                 This activity implements an alternative action that can be
122                 performed on notes: editing their title.  It can be used as
123                 a default operation if the user invokes this action, and is
124                 available as an alternative action for any note data.
125            -->
126            <intent-filter android:label="@string/resolve_title" >
126-->src\main\AndroidManifest.xml:92:13-107:29
126-->src\main\AndroidManifest.xml:92:28-65
127
128                <!--
129                     This is the action we perform.  It is a custom action we
130                     define for our application, not a generic VIEW or EDIT
131                     action since we are not a general note viewer/editor.
132                -->
133                <action android:name="com.android.notepad.action.EDIT_TITLE" />
133-->src\main\AndroidManifest.xml:96:17-80
133-->src\main\AndroidManifest.xml:96:25-77
134                <!-- DEFAULT: execute if being directly invoked. -->
135                <category android:name="android.intent.category.DEFAULT" />
135-->src\main\AndroidManifest.xml:44:17-76
135-->src\main\AndroidManifest.xml:44:27-73
136                <!--
137                     ALTERNATIVE: show as an alternative action when the user is
138                     working with this type of data.
139                -->
140                <category android:name="android.intent.category.ALTERNATIVE" />
140-->src\main\AndroidManifest.xml:101:17-80
140-->src\main\AndroidManifest.xml:101:27-77
141                <!--
142                     SELECTED_ALTERNATIVE: show as an alternative action the user
143                     can perform when selecting this type of data.
144                -->
145                <category android:name="android.intent.category.SELECTED_ALTERNATIVE" />
145-->src\main\AndroidManifest.xml:104:17-89
145-->src\main\AndroidManifest.xml:104:27-86
146                <!-- This is the data type we operate on. -->
147                <data android:mimeType="vnd.android.cursor.item/vnd.google.note" />
147-->src\main\AndroidManifest.xml:45:17-83
147-->src\main\AndroidManifest.xml:45:23-80
148            </intent-filter>
149        </activity>
150        <activity
150-->src\main\AndroidManifest.xml:110:9-116:20
151            android:name="com.example.android.notepad.NotesLiveFolder"
151-->src\main\AndroidManifest.xml:110:19-49
152            android:icon="@drawable/live_folder_notes"
152-->src\main\AndroidManifest.xml:111:13-55
153            android:label="@string/live_folder_name" >
153-->src\main\AndroidManifest.xml:110:50-90
154            <intent-filter>
154-->src\main\AndroidManifest.xml:112:13-115:29
155                <action android:name="android.intent.action.CREATE_LIVE_FOLDER" />
155-->src\main\AndroidManifest.xml:113:17-83
155-->src\main\AndroidManifest.xml:113:25-80
156
157                <category android:name="android.intent.category.DEFAULT" />
157-->src\main\AndroidManifest.xml:44:17-76
157-->src\main\AndroidManifest.xml:44:27-73
158            </intent-filter>
159        </activity>
160        <activity
160-->src\main\AndroidManifest.xml:118:5-120:63
161            android:name="com.example.android.notepad.NoteColor"
161-->src\main\AndroidManifest.xml:118:15-40
162            android:label="选择记事本紧急程度"
162-->src\main\AndroidManifest.xml:119:9-34
163            android:theme="@android:style/Theme.Holo.Light.Dialog"
163-->src\main\AndroidManifest.xml:118:41-95
164            android:windowSoftInputMode="stateVisible" />
164-->src\main\AndroidManifest.xml:120:9-51
165
166        <meta-data
166-->[:core] AndroidManifest.xml:21:9-23:40
167            android:name="com.baidu.speech.APP_ID"
167-->[:core] AndroidManifest.xml:22:13-51
168            android:value="20390737" />
168-->[:core] AndroidManifest.xml:23:13-37
169        <meta-data
169-->[:core] AndroidManifest.xml:24:9-26:56
170            android:name="com.baidu.speech.API_KEY"
170-->[:core] AndroidManifest.xml:25:13-52
171            android:value="tIgT7dOfRKPh6I61GqMR1ghr" />
171-->[:core] AndroidManifest.xml:26:13-53
172        <meta-data
172-->[:core] AndroidManifest.xml:27:9-29:64
173            android:name="com.baidu.speech.SECRET_KEY"
173-->[:core] AndroidManifest.xml:28:13-55
174            android:value="LY9AsTNSuGIAyoiT7dla3auL9penXfVu" />
174-->[:core] AndroidManifest.xml:29:13-61
175    </application>
176
177</manifest>